Build started 2015-11-07 9:18:16 PM.
     1>Project "C:\Users\Justin\Documents\GitHub\RiskPart2\RiskPart2.vcxproj" on node 2 (Build target(s)).
     1>ClCompile:
         C:\Program Files (x86)\Microsoft Visual Studio 12.0\VC\bin\CL.exe /c /ZI /nologo /W3 /WX- /sdl /Od /Oy- /D _MBCS /Gm /EHsc /RTC1 /MDd /GS /fp:precise /Zc:wchar_t /Zc:forScope /Fo"Debug\\" /Fd"Debug\vc120.pdb" /Gd /TP /analyze- /errorReport:prompt MapEditorComponent.cpp
         MapEditorComponent.cpp
     1>c:\users\justin\documents\github\riskpart2\mapeditorcomponent.cpp(106): warning C4018: '<' : signed/unsigned mismatch
     1>c:\users\justin\documents\github\riskpart2\mapeditorcomponent.cpp(143): warning C4018: '<' : signed/unsigned mismatch
     1>c:\users\justin\documents\github\riskpart2\mapeditorcomponent.cpp(155): warning C4018: '<' : signed/unsigned mismatch
     1>c:\users\justin\documents\github\riskpart2\mapeditorcomponent.cpp(159): warning C4018: '<' : signed/unsigned mismatch
     1>c:\users\justin\documents\github\riskpart2\mapeditorcomponent.cpp(218): warning C4018: '<' : signed/unsigned mismatch
     1>c:\users\justin\documents\github\riskpart2\mapeditorcomponent.cpp(231): warning C4018: '<' : signed/unsigned mismatch
     1>c:\users\justin\documents\github\riskpart2\mapeditorcomponent.cpp(252): warning C4018: '<' : signed/unsigned mismatch
     1>c:\users\justin\documents\github\riskpart2\mapeditorcomponent.cpp(255): warning C4018: '<' : signed/unsigned mismatch
     1>c:\users\justin\documents\github\riskpart2\mapeditorcomponent.cpp(264): warning C4018: '<' : signed/unsigned mismatch
     1>c:\users\justin\documents\github\riskpart2\mapeditorcomponent.cpp(266): warning C4018: '<=' : signed/unsigned mismatch
     1>c:\users\justin\documents\github\riskpart2\mapeditorcomponent.cpp(307): warning C4018: '<' : signed/unsigned mismatch
       Link:
         C:\Program Files (x86)\Microsoft Visual Studio 12.0\VC\bin\link.exe /ERRORREPORT:PROMPT /OUT:"C:\Users\Justin\Documents\GitHub\RiskPart2\Debug\RiskPart2.exe" /INCREMENTAL /NOLOGO kernel32.lib user32.lib gdi32.lib winspool.lib comdlg32.lib advapi32.lib shell32.lib ole32.lib oleaut32.lib uuid.lib odbc32.lib odbccp32.lib /MANIFEST /MANIFESTUAC:"level='asInvoker' uiAccess='false'" /manifest:embed /DEBUG /PDB:"C:\Users\Justin\Documents\GitHub\RiskPart2\Debug\RiskPart2.pdb" /TLBID:1 /DYNAMICBASE /NXCOMPAT /IMPLIB:"C:\Users\Justin\Documents\GitHub\RiskPart2\Debug\RiskPart2.lib" /MACHINE:X86 Debug\Continent.obj
         Debug\Driver.obj
         Debug\Map.obj
         Debug\MapEditorComponent.obj
         Debug\SaveLoadComponent.obj
         Debug\Territories.obj
         RiskPart2.vcxproj -> C:\Users\Justin\Documents\GitHub\RiskPart2\Debug\RiskPart2.exe
     1>Done Building Project "C:\Users\Justin\Documents\GitHub\RiskPart2\RiskPart2.vcxproj" (Build target(s)).

Build succeeded.

Time Elapsed 00:00:01.64
