c:\users\justin do\documents\github\riskpart2\debug\continent.obj
c:\users\justin do\documents\github\riskpart2\debug\driver.obj
c:\users\justin do\documents\github\riskpart2\debug\map.obj
c:\users\justin do\documents\github\riskpart2\debug\mapeditorcomponent.obj
c:\users\justin do\documents\github\riskpart2\debug\saveloadcomponent.obj
c:\users\justin do\documents\github\riskpart2\debug\territories.obj
c:\users\justin do\documents\github\riskpart2\debug\vc110.pdb
c:\users\justin do\documents\github\riskpart2\debug\riskpart2.ilk
c:\users\justin do\documents\github\riskpart2\debug\riskpart2.exe
c:\users\justin do\documents\github\riskpart2\debug\riskpart2.pdb
c:\users\justin\documents\github\riskpart2\debug\vc120.pdb
c:\users\justin\documents\github\riskpart2\debug\vc120.idb
c:\users\justin\documents\github\riskpart2\debug\continent.obj
c:\users\justin\documents\github\riskpart2\debug\map.obj
c:\users\justin\documents\github\riskpart2\debug\saveloadcomponent.obj
c:\users\justin\documents\github\riskpart2\debug\territories.obj
c:\users\justin\documents\github\riskpart2\debug\mapeditorcomponent.obj
c:\users\justin\documents\github\riskpart2\debug\driver.obj
c:\users\justin\documents\github\riskpart2\debug\cl.command.1.tlog
c:\users\justin\documents\github\riskpart2\debug\cl.read.1.tlog
c:\users\justin\documents\github\riskpart2\debug\cl.write.1.tlog
c:\users\justin\documents\github\riskpart2\debug\link-cvtres.read.1.tlog
c:\users\justin\documents\github\riskpart2\debug\link-cvtres.write.1.tlog
c:\users\justin\documents\github\riskpart2\debug\link-rc.read.1.tlog
c:\users\justin\documents\github\riskpart2\debug\link-rc.write.1.tlog
c:\users\justin\documents\github\riskpart2\debug\link.9864-cvtres.read.1.tlog
c:\users\justin\documents\github\riskpart2\debug\link.9864-cvtres.write.1.tlog
c:\users\justin\documents\github\riskpart2\debug\link.9864-rc.read.1.tlog
c:\users\justin\documents\github\riskpart2\debug\link.9864-rc.write.1.tlog
c:\users\justin\documents\github\riskpart2\debug\link.9864.read.1.tlog
c:\users\justin\documents\github\riskpart2\debug\link.9864.write.1.tlog
c:\users\justin\documents\github\riskpart2\debug\link.command.1.tlog
c:\users\justin\documents\github\riskpart2\debug\link.read.1.tlog
c:\users\justin\documents\github\riskpart2\debug\link.write.1.tlog
c:\users\justin\documents\github\riskpart2\debug\vc110.idb
c:\users\justin\documents\github\riskpart2\debug\riskpart2.pdb
c:\users\justin\documents\github\riskpart2\debug\vc110.pdb
c:\users\justin\documents\github\riskpart2\debug\riskpart2.tlog\cl.command.1.tlog
c:\users\justin\documents\github\riskpart2\debug\riskpart2.tlog\cl.read.1.tlog
c:\users\justin\documents\github\riskpart2\debug\riskpart2.tlog\cl.write.1.tlog
c:\users\justin\documents\github\riskpart2\debug\riskpart2.tlog\link-cvtres.read.1.tlog
c:\users\justin\documents\github\riskpart2\debug\riskpart2.tlog\link-cvtres.write.1.tlog
c:\users\justin\documents\github\riskpart2\debug\riskpart2.tlog\link-rc.read.1.tlog
c:\users\justin\documents\github\riskpart2\debug\riskpart2.tlog\link-rc.write.1.tlog
c:\users\justin\documents\github\riskpart2\debug\riskpart2.tlog\link.command.1.tlog
c:\users\justin\documents\github\riskpart2\debug\riskpart2.tlog\link.read.1.tlog
c:\users\justin\documents\github\riskpart2\debug\riskpart2.tlog\link.write.1.tlog
